<?xml version="1.0" encoding="UTF-8" ?>
<testsuites name="vitest tests" tests="8" failures="0" errors="0" time="0.174505958">
    <testsuite name="src/views/HistoryView.spec.ts" timestamp="2025-06-15T03:58:06.376Z" hostname="Mac.curl-banjo.ts.net lan" tests="1" failures="0" errors="0" skipped="0" time="0.02686675">
        <testcase classname="src/views/HistoryView.spec.ts" name="HistoryView &gt; renders correctly visually" time="0.026360583">
        </testcase>
    </testsuite>
    <testsuite name="src/views/MainView.spec.ts" timestamp="2025-06-15T03:58:06.377Z" hostname="Mac.curl-banjo.ts.net lan" tests="4" failures="0" errors="0" skipped="0" time="0.08244475">
        <testcase classname="src/views/MainView.spec.ts" name="MainView &gt; renders correctly visually" time="0.052081167">
            <system-err>
[Vue Router warn]: No match found for location with path &quot;/&quot;

            </system-err>
        </testcase>
        <testcase classname="src/views/MainView.spec.ts" name="MainView &gt; renders daily price data correctly" time="0.019580416">
            <system-err>
[Vue Router warn]: No match found for location with path &quot;/&quot;

            </system-err>
        </testcase>
        <testcase classname="src/views/MainView.spec.ts" name="MainView &gt; handles missing daily price data correctly" time="0.00534725">
            <system-err>
[Vue Router warn]: No match found for location with path &quot;/&quot;

            </system-err>
        </testcase>
        <testcase classname="src/views/MainView.spec.ts" name="MainView &gt; does not show daily price data when pick.dailyPriceData is null" time="0.004745167">
            <system-err>
[Vue Router warn]: No match found for location with path &quot;/&quot;

            </system-err>
        </testcase>
    </testsuite>
    <testsuite name="src/__tests__/views/MainView.test.ts" timestamp="2025-06-15T03:58:06.378Z" hostname="Mac.curl-banjo.ts.net lan" tests="3" failures="0" errors="0" skipped="0" time="0.065194458">
        <testcase classname="src/__tests__/views/MainView.test.ts" name="MainView &gt; renders daily price data correctly" time="0.05494325">
            <system-err>
[Vue warn]: Failed to resolve component: router-link
If this is a native custom element, make sure to exclude it from component resolution via compilerOptions.isCustomElement. 
  at &lt;MainView showLoginModal=false ref=&quot;VTU_COMPONENT&quot; &gt; 
  at &lt;VTUROOT&gt;

            </system-err>
        </testcase>
        <testcase classname="src/__tests__/views/MainView.test.ts" name="MainView &gt; handles missing daily price data correctly" time="0.005886125">
            <system-err>
[Vue warn]: Failed to resolve component: router-link
If this is a native custom element, make sure to exclude it from component resolution via compilerOptions.isCustomElement. 
  at &lt;MainView showLoginModal=false ref=&quot;VTU_COMPONENT&quot; &gt; 
  at &lt;VTUROOT&gt;

            </system-err>
        </testcase>
        <testcase classname="src/__tests__/views/MainView.test.ts" name="MainView &gt; does not show daily price data when pick.dailyPriceData is null" time="0.00380975">
            <system-err>
[Vue warn]: Failed to resolve component: router-link
If this is a native custom element, make sure to exclude it from component resolution via compilerOptions.isCustomElement. 
  at &lt;MainView showLoginModal=false ref=&quot;VTU_COMPONENT&quot; &gt; 
  at &lt;VTUROOT&gt;

            </system-err>
        </testcase>
    </testsuite>
</testsuites>
